This is LuaHBTeX, Version 1.15.0 (TeX Live 2022)  (format=lualatex 2023.2.11)  16 FEB 2023 14:35
 system commands enabled.
**Shedule2023.tex
(./Shedule2023.tex
LaTeX2e <2022-11-01> patch level 1
Lua module: luaotfload 2022-10-03 3.23 Lua based OpenType font support
Lua module: lualibs 2022-10-04 2.75 ConTeXt Lua standard libraries.
Lua module: lualibs-extended 2022-10-04 2.75 ConTeXt Lua libraries -- extended c
ollection.
luaotfload | conf : Root cache directory is "d:/Programs/LaTeX/TeXLive/2022/texm
f-var/luatex-cache/generic/names".
luaotfload | init : Loading fontloader "fontloader-2022-10-03.lua" from kpse-res
olved path "d:/Programs/LaTeX/TeXLive/2022/texmf-dist/tex/luatex/luaotfload/font
loader-2022-10-03.lua".
Lua-only attribute luaotfload@noligature = 1
luaotfload | init : Context OpenType loader version 3.120
Inserting `luaotfload.node_processor' in `pre_linebreak_filter'.
Inserting `luaotfload.node_processor' in `hpack_filter'.
Inserting `luaotfload.glyph_stream' in `glyph_stream_provider'.
Inserting `luaotfload.define_font' in `define_font'.
Lua-only attribute luaotfload_color_attribute = 2
luaotfload | conf : Root cache directory is "d:/Programs/LaTeX/TeXLive/2022/texm
f-var/luatex-cache/generic/names".
Inserting `luaotfload.harf.strip_prefix' in `find_opentype_file'.
Inserting `luaotfload.harf.strip_prefix' in `find_truetype_file'.
Removing  `luaotfload.glyph_stream' from `glyph_stream_provider'.
Inserting `luaotfload.harf.glyphstream' in `glyph_stream_provider'.
Inserting `luaotfload.harf.finalize_vlist' in `post_linebreak_filter'.
Inserting `luaotfload.harf.finalize_hlist' in `hpack_filter'.
Inserting `luaotfload.cleanup_files' in `wrapup_run'.
Inserting `luaotfload.harf.finalize_unicode' in `finish_pdffile'.
Inserting `luaotfload.glyphinfo' in `glyph_info'.
Lua-only attribute luaotfload.letterspace_done = 3
Inserting `luaotfload.aux.set_sscale_dimens' in `luaotfload.patch_font'.
Inserting `luaotfload.aux.set_font_index' in `luaotfload.patch_font'.
Inserting `luaotfload.aux.patch_cambria_domh' in `luaotfload.patch_font'.
Inserting `luaotfload.aux.fixup_fontdata' in `luaotfload.patch_font_unsafe'.
Inserting `luaotfload.aux.set_capheight' in `luaotfload.patch_font'.
Inserting `luaotfload.aux.set_xheight' in `luaotfload.patch_font'.
Inserting `luaotfload.rewrite_fontname' in `luaotfload.patch_font'. L3 programm
ing layer <2023-02-07>
Inserting `tracingstacklevels' in `input_level_string'.
(d:/Programs/LaTeX/TeXLive/2022/texmf-dist/tex/latex/extsizes/extarticle.cls
Document Class: extarticle 1996/10/08 v1.0 Non Standard LaTeX document class
(d:/Programs/LaTeX/TeXLive/2022/texmf-dist/tex/latex/extsizes/size14.clo
File: size14.clo 1999/11/11 v1.4a NON-Standard LaTeX file (size option)
luaotfload | db : Font names database loaded from d:/Programs/LaTeX/TeXLive/2022
/texmf-var/luatex-cache/generic/names/luaotfload-names.luc.gz)
(d:/Programs/LaTeX/TeXLive/2022/texmf-dist/tex/latex/base/exscale.sty
Package: exscale 2018/09/24 v2.1i Standard LaTeX package exscale
LaTeX Font Info:    Redeclaring symbol font `largesymbols' on input line 57.
LaTeX Font Info:    Overwriting symbol font `largesymbols' in version `normal'
(Font)                  OMX/cmex/m/n --> OMX/cmex/m/n on input line 57.
LaTeX Font Info:    Overwriting symbol font `largesymbols' in version `bold'
(Font)                  OMX/cmex/m/n --> OMX/cmex/m/n on input line 57.
\big@size=\dimen139
)
\c@part=\count183
\c@section=\count184
\c@subsection=\count185
\c@subsubsection=\count186
\c@paragraph=\count187
\c@subparagraph=\count188
\c@figure=\count189
\c@table=\count190
\abovecaptionskip=\skip48
\belowcaptionskip=\skip49
\bibindent=\dimen140
)
(d:/Programs/LaTeX/TeXLive/2022/texmf-dist/tex/generic/iftex/ifluatex.sty
Package: ifluatex 2019/10/25 v1.5 ifluatex legacy package. Use iftex instead.

(d:/Programs/LaTeX/TeXLive/2022/texmf-dist/tex/generic/iftex/iftex.sty
Package: iftex 2022/02/03 v1.0f TeX engine tests
))
(d:/Programs/LaTeX/TeXLive/2022/texmf-dist/tex/latex/fontspec/fontspec.sty
(d:/Programs/LaTeX/TeXLive/2022/texmf-dist/tex/latex/l3packages/xparse/xparse.s
ty (d:/Programs/LaTeX/TeXLive/2022/texmf-dist/tex/latex/l3kernel/expl3.sty
Package: expl3 2023-02-07 L3 programming layer (loader) 

(d:/Programs/LaTeX/TeXLive/2022/texmf-dist/tex/latex/l3backend/l3backend-luatex
.def
File: l3backend-luatex.def 2023-01-16 L3 backend support: PDF output (LuaTeX)
\l__color_backend_stack_int=\count191
\l__pdf_internal_box=\box51
))
Package: xparse 2023-02-02 L3 Experimental document command parser
)
Package: fontspec 2022/01/15 v2.8a Font selection for XeLaTeX and LuaLaTeX
Lua module: fontspec 2022/01/15 2.8a Font selection for XeLaTeX and LuaLaTeX
(d:/Programs/LaTeX/TeXLive/2022/texmf-dist/tex/latex/fontspec/fontspec-luatex.s
ty
Package: fontspec-luatex 2022/01/15 v2.8a Font selection for XeLaTeX and LuaLaT
eX
\l__fontspec_script_int=\count192
\l__fontspec_language_int=\count193
\l__fontspec_strnum_int=\count194
\l__fontspec_tmp_int=\count195
\l__fontspec_tmpa_int=\count196
\l__fontspec_tmpb_int=\count197
\l__fontspec_tmpc_int=\count198
\l__fontspec_em_int=\count199
\l__fontspec_emdef_int=\count266
\l__fontspec_strong_int=\count267
\l__fontspec_strongdef_int=\count268
\l__fontspec_tmpa_dim=\dimen141
\l__fontspec_tmpb_dim=\dimen142
\l__fontspec_tmpc_dim=\dimen143
 (d:/Programs/LaTeX/TeXLive/2022/texmf-dist/tex/latex/base/fontenc.sty
Package: fontenc 2021/04/29 v2.0v Standard LaTeX package
)
(d:/Programs/LaTeX/TeXLive/2022/texmf-dist/tex/latex/fontspec/fontspec.cfg)))
luaotfload | cache : Lookup cache loaded from d:/Programs/LaTeX/TeXLive/2022/tex
mf-var/luatex-cache/generic/names/luaotfload-lookup-cache.luc.
luaotfload | aux : font no 23 (nil) does not define feature smcp for script latn
 with language dflt
luaotfload | aux : font no 24 (nil) does not define feature smcp for script latn
 with language dflt
luaotfload | aux : font no 25 (nil) does not define feature smcp for script latn
 with language dflt
luaotfload | aux : font no 26 (nil) does not define feature smcp for script latn
 with language dflt

Package fontspec Info: Font family 'CMUSansSerif(0)' created for font 'CMU
(fontspec)             Sans Serif' with options [Ligatures=TeX].
(fontspec)              
(fontspec)              This font family consists of the following NFSS
(fontspec)             series/shapes:
(fontspec)              
(fontspec)             - 'normal' (m/n) with NFSS spec.:
(fontspec)             <->"CMUSansSerif:mode=node;script=latn;language=dflt;+tl
ig;"
(fontspec)             - 'small caps'  (m/sc) with NFSS spec.: 
(fontspec)             - 'bold' (b/n) with NFSS spec.:
(fontspec)             <->"CMUSansSerif/B:mode=node;script=latn;language=dflt;+
tlig;"
(fontspec)             - 'bold small caps'  (b/sc) with NFSS spec.: 
(fontspec)             - 'italic' (m/it) with NFSS spec.:
(fontspec)             <->"CMUSansSerif/I:mode=node;script=latn;language=dflt;+
tlig;"
(fontspec)             - 'italic small caps'  (m/scit) with NFSS spec.: 
(fontspec)             - 'bold italic' (b/it) with NFSS spec.:
(fontspec)             <->"CMUSansSerif/BI:mode=node;script=latn;language=dflt;
+tlig;"
(fontspec)             - 'bold italic small caps'  (b/scit) with NFSS spec.: 

luaotfload | aux : font no 35 (nil) does not define feature smcp for script latn
 with language dflt
luaotfload | aux : font no 36 (nil) does not define feature smcp for script latn
 with language dflt

Package fontspec Info: Font family 'CMUSerif(0)' created for font 'CMU Serif'
(fontspec)             with options [Ligatures=TeX].
(fontspec)              
(fontspec)              This font family consists of the following NFSS
(fontspec)             series/shapes:
(fontspec)              
(fontspec)             - 'normal' (m/n) with NFSS spec.:
(fontspec)             <->"CMUSerif:mode=node;script=latn;language=dflt;+tlig;"

(fontspec)             - 'small caps'  (m/sc) with NFSS spec.:
(fontspec)             <->"CMUSerif:mode=node;script=latn;language=dflt;+tlig;+
smcp;"
(fontspec)             - 'bold' (b/n) with NFSS spec.:
(fontspec)             <->"CMUSerif/B:mode=node;script=latn;language=dflt;+tlig
;"
(fontspec)             - 'bold small caps'  (b/sc) with NFSS spec.:
(fontspec)             <->"CMUSerif/B:mode=node;script=latn;language=dflt;+tlig
;+smcp;"
(fontspec)             - 'italic' (m/it) with NFSS spec.:
(fontspec)             <->"CMUSerif/I:mode=node;script=latn;language=dflt;+tlig
;"
(fontspec)             - 'italic small caps'  (m/scit) with NFSS spec.: 
(fontspec)             - 'bold italic' (b/it) with NFSS spec.:
(fontspec)             <->"CMUSerif/BI:mode=node;script=latn;language=dflt;+tli
g;"
(fontspec)             - 'bold italic small caps'  (b/scit) with NFSS spec.: 

luaotfload | aux : font no 44 (nil) does not define feature smcp for script latn
 with language dflt
luaotfload | aux : font no 45 (nil) does not define feature smcp for script latn
 with language dflt
luaotfload | aux : font no 46 (nil) does not define feature smcp for script latn
 with language dflt
luaotfload | aux : font no 47 (nil) does not define feature smcp for script latn
 with language dflt

Package fontspec Info: Font family 'CMUTypewriterText(0)' created for font
(fontspec)             'CMU Typewriter Text' with options
(fontspec)             [WordSpace={1,0,0},HyphenChar=None,PunctuationSpace=Word
Space].
(fontspec)              
(fontspec)              This font family consists of the following NFSS
(fontspec)             series/shapes:
(fontspec)              
(fontspec)             - 'normal' (m/n) with NFSS spec.:
(fontspec)             <->"CMUTypewriterText:mode=node;script=latn;language=dfl
t;"
(fontspec)             - 'small caps'  (m/sc) with NFSS spec.: 
(fontspec)             and font adjustment code:
(fontspec)             \fontdimen 2\font =1\fontdimen 2\font \fontdimen 3\font
(fontspec)             =0\fontdimen 3\font \fontdimen 4\font =0\fontdimen
(fontspec)             4\font \fontdimen 7\font =0\fontdimen 2\font
(fontspec)             \tex_hyphenchar:D \font =-1\scan_stop: 
(fontspec)             - 'bold' (b/n) with NFSS spec.:
(fontspec)             <->"CMUTypewriterText/B:mode=node;script=latn;language=d
flt;"
(fontspec)             - 'bold small caps'  (b/sc) with NFSS spec.: 
(fontspec)             and font adjustment code:
(fontspec)             \fontdimen 2\font =1\fontdimen 2\font \fontdimen 3\font
(fontspec)             =0\fontdimen 3\font \fontdimen 4\font =0\fontdimen
(fontspec)             4\font \fontdimen 7\font =0\fontdimen 2\font
(fontspec)             \tex_hyphenchar:D \font =-1\scan_stop: 
(fontspec)             - 'italic' (m/it) with NFSS spec.:
(fontspec)             <->"CMUTypewriterText/I:mode=node;script=latn;language=d
flt;"
(fontspec)             - 'italic small caps'  (m/scit) with NFSS spec.: 
(fontspec)             and font adjustment code:
(fontspec)             \fontdimen 2\font =1\fontdimen 2\font \fontdimen 3\font
(fontspec)             =0\fontdimen 3\font \fontdimen 4\font =0\fontdimen
(fontspec)             4\font \fontdimen 7\font =0\fontdimen 2\font
(fontspec)             \tex_hyphenchar:D \font =-1\scan_stop: 
(fontspec)             - 'bold italic' (b/it) with NFSS spec.:
(fontspec)             <->"CMUTypewriterText/BI:mode=node;script=latn;language=
dflt;"
(fontspec)             - 'bold italic small caps'  (b/scit) with NFSS spec.: 
(fontspec)             and font adjustment code:
(fontspec)             \fontdimen 2\font =1\fontdimen 2\font \fontdimen 3\font
(fontspec)             =0\fontdimen 3\font \fontdimen 4\font =0\fontdimen
(fontspec)             4\font \fontdimen 7\font =0\fontdimen 2\font
(fontspec)             \tex_hyphenchar:D \font =-1\scan_stop: 


(d:/Programs/LaTeX/TeXLive/2022/texmf-dist/tex/latex/unicode-math/unicode-math.
sty
Package: unicode-math 2020/01/31 v0.8q Unicode maths in XeLaTeX and LuaLaTeX

(d:/Programs/LaTeX/TeXLive/2022/texmf-dist/tex/latex/unicode-math/unicode-math-
luatex.sty
Package: unicode-math-luatex 2020/01/31 v0.8q Unicode maths in XeLaTeX and LuaL
aTeX

(d:/Programs/LaTeX/TeXLive/2022/texmf-dist/tex/latex/l3packages/l3keys2e/l3keys
2e.sty
Package: l3keys2e 2023-02-02 LaTeX2e option processing using LaTeX3 keys
) (d:/Programs/LaTeX/TeXLive/2022/texmf-dist/tex/latex/base/fix-cm.sty
Package: fix-cm 2020/11/24 v1.1t fixes to LaTeX

(d:/Programs/LaTeX/TeXLive/2022/texmf-dist/tex/latex/base/ts1enc.def
File: ts1enc.def 2001/06/05 v3.0e (jk/car/fm) Standard LaTeX file
LaTeX Font Info:    Redeclaring font encoding TS1 on input line 47.
))
(d:/Programs/LaTeX/TeXLive/2022/texmf-dist/tex/latex/amsmath/amsmath.sty
Package: amsmath 2022/04/08 v2.17n AMS math features
\@mathmargin=\skip50

For additional information on amsmath, use the `?' option.
(d:/Programs/LaTeX/TeXLive/2022/texmf-dist/tex/latex/amsmath/amstext.sty
Package: amstext 2021/08/26 v2.01 AMS text

(d:/Programs/LaTeX/TeXLive/2022/texmf-dist/tex/latex/amsmath/amsgen.sty
File: amsgen.sty 1999/11/30 v2.0 generic functions
\@emptytoks=\toks16
\ex@=\dimen144
))
(d:/Programs/LaTeX/TeXLive/2022/texmf-dist/tex/latex/amsmath/amsbsy.sty
Package: amsbsy 1999/11/29 v1.2d Bold Symbols
\pmbraise@=\dimen145
)
(d:/Programs/LaTeX/TeXLive/2022/texmf-dist/tex/latex/amsmath/amsopn.sty
Package: amsopn 2022/04/08 v2.04 operator names
)
\inf@bad=\count269
LaTeX Info: Redefining \frac on input line 236.
\uproot@=\count270
\leftroot@=\count271
LaTeX Info: Redefining \overline on input line 399.
LaTeX Info: Redefining \colon on input line 410.
\classnum@=\count272
\DOTSCASE@=\count273
LaTeX Info: Redefining \ldots on input line 496.
LaTeX Info: Redefining \dots on input line 499.
LaTeX Info: Redefining \cdots on input line 620.
\Mathstrutbox@=\box52
\strutbox@=\box53
LaTeX Info: Redefining \big on input line 722.
LaTeX Info: Redefining \Big on input line 723.
LaTeX Info: Redefining \bigg on input line 724.
LaTeX Info: Redefining \Bigg on input line 725.
\big@size=\dimen146
LaTeX Font Info:    Redeclaring font encoding OML on input line 743.
LaTeX Font Info:    Redeclaring font encoding OMS on input line 744.
\macc@depth=\count274
LaTeX Info: Redefining \bmod on input line 905.
LaTeX Info: Redefining \pmod on input line 910.
LaTeX Info: Redefining \smash on input line 940.
LaTeX Info: Redefining \relbar on input line 970.
LaTeX Info: Redefining \Relbar on input line 971.
\c@MaxMatrixCols=\count275
\dotsspace@=\muskip16
\c@parentequation=\count276
\dspbrk@lvl=\count277
\tag@help=\toks17
\row@=\count278
\column@=\count279
\maxfields@=\count280
\andhelp@=\toks18
\eqnshift@=\dimen147
\alignsep@=\dimen148
\tagshift@=\dimen149
\tagwidth@=\dimen150
\totwidth@=\dimen151
\lineht@=\dimen152
\@envbody=\toks19
\multlinegap=\skip51
\multlinetaggap=\skip52
\mathdisplay@stack=\toks20
LaTeX Info: Redefining \[ on input line 2953.
LaTeX Info: Redefining \] on input line 2954.
)
(d:/Programs/LaTeX/TeXLive/2022/texmf-dist/tex/lualatex/lualatex-math/lualatex-
math.sty
Package: lualatex-math 2022/01/01 v1.12 Patches for mathematics typesetting wit
h LuaLaTeX

(d:/Programs/LaTeX/TeXLive/2022/texmf-dist/tex/latex/etoolbox/etoolbox.sty
Package: etoolbox 2020/10/05 v2.5k e-TeX tools for LaTeX (JAW)
\etb@tempcnta=\count281
)
Lua module: lualatex-math 2013/08/03 1.3 Patches for mathematics typesetting wit
h LuaLaTeX)
\g__um_fam_int=\count282
\g__um_fonts_used_int=\count283
\l__um_primecount_int=\count284
\g__um_primekern_muskip=\muskip17

(d:/Programs/LaTeX/TeXLive/2022/texmf-dist/tex/latex/unicode-math/unicode-math-
table.tex)))
(d:/Programs/LaTeX/TeXLive/2022/texmf-dist/tex/generic/babel/babel.sty
Package: babel 2022/01/23 3.85 The Babel package

(d:/Programs/LaTeX/TeXLive/2022/texmf-dist/tex/generic/babel/luababel.def
\bbl@readstream=\read2
\l@dumylang=\language2
Package babel Info: Non-standard hyphenation setup on input line 118.
\l@nohyphenation=\language3
\l@german-x-2022-03-16=\language4
\l@ngerman-x-2022-03-16=\language5
\l@afrikaans=\language6
\l@ancientgreek=\language7
\l@ibycus=\language8
\l@arabic=\language9
\l@armenian=\language10
\l@basque=\language11
\l@belarusian=\language12
\l@bulgarian=\language13
\l@catalan=\language14
\l@pinyin=\language15
\l@churchslavonic=\language16
\l@coptic=\language17
\l@croatian=\language18
\l@czech=\language19
\l@danish=\language20
\l@dutch=\language21
\l@ukenglish=\language22
\l@usenglishmax=\language23
\l@esperanto=\language24
\l@estonian=\language25
\l@ethiopic=\language26
\l@farsi=\language27
\l@finnish=\language28
\l@schoolfinnish=\language29
\l@french=\language30
\l@friulan=\language31
\l@galician=\language32
\l@georgian=\language33
\l@german=\language34
\l@ngerman=\language35
\l@swissgerman=\language36
\l@greek=\language37
\l@monogreek=\language38
\l@hungarian=\language39
\l@icelandic=\language40
\l@assamese=\language41
\l@bengali=\language42
\l@gujarati=\language43
\l@hindi=\language44
\l@kannada=\language45
\l@malayalam=\language46
\l@marathi=\language47
\l@oriya=\language48
\l@pali=\language49
\l@panjabi=\language50
\l@tamil=\language51
\l@telugu=\language52
\l@indonesian=\language53
\l@interlingua=\language54
\l@irish=\language55
\l@italian=\language56
\l@kurmanji=\language57
\l@classiclatin=\language58
\l@latin=\language59
\l@liturgicallatin=\language60
\l@latvian=\language61
\l@lithuanian=\language62
\l@macedonian=\language63
\l@mongolian=\language64
\l@mongolianlmc=\language65
\l@bokmal=\language66
\l@nynorsk=\language67
\l@occitan=\language68
\l@piedmontese=\language69
\l@polish=\language70
\l@portuguese=\language71
\l@romanian=\language72
\l@romansh=\language73
\l@russian=\language74
\l@sanskrit=\language75
\l@serbian=\language76
\l@serbianc=\language77
\l@slovak=\language78
\l@slovenian=\language79
\l@spanish=\language80
\l@swedish=\language81
\l@thai=\language82
\l@turkish=\language83
\l@turkmen=\language84
\l@ukrainian=\language85
\l@uppersorbian=\language86
\l@welsh=\language87
\babelcatcodetablenum=\catcodetable12
\bbl@pattcodes=\catcodetable13
)
\babel@savecnt=\count285
\U@D=\dimen153
\l@unhyphenated=\language88

(d:/Programs/LaTeX/TeXLive/2022/texmf-dist/tex/generic/babel/luababel.def
\bbl@attr@locale=\attribute4
)
(d:/Programs/LaTeX/TeXLive/2022/texmf-dist/tex/generic/babel-english/english.ld
f
Language: english 2017/06/06 v3.3r English support from the babel system
Package babel Info: Hyphen rules for 'canadian' set to \l@english
(babel)             (\language0). Reported on input line 102.
Package babel Info: Hyphen rules for 'australian' set to \l@ukenglish
(babel)             (\language22). Reported on input line 105.
Package babel Info: Hyphen rules for 'newzealand' set to \l@ukenglish
(babel)             (\language22). Reported on input line 108.
)
(d:/Programs/LaTeX/TeXLive/2022/texmf-dist/tex/generic/babel-russian/russianb.l
df
File: russianb.ldf 2021/01/10 1.3m Russian support for the Babel system
Language: russian 2020/09/09 1.3k Russian support for the Babel system
Package babel Info: Making " an active character on input line 124.
Package babel Info: Default for \cyrdash is provided on input line 163.

(d:/Programs/LaTeX/TeXLive/2022/texmf-dist/tex/generic/hyph-utf8/loadhyph/loadh
yph-ru.tex UTF-8 Russian hyphenation patterns
(d:/Programs/LaTeX/TeXLive/2022/texmf-dist/tex/generic/hyph-utf8/patterns/tex/h
yph-ru.tex)))
(d:/Programs/LaTeX/TeXLive/2022/texmf-dist/tex/generic/babel-ukrainian/ukraineb
.ldf
File: ukraineb.ldf 2020/10/14 1.4e Ukrainian support for the Babel system
LaTeX Info: Redefining \cyrillictext on input line 84.
LaTeX Info: Redefining \textcyrillic on input line 96.
Package babel Info: Default for \cyrdash is provided on input line 142.
Package ukrainian.ldf Info: Executing the 3.9 or latter on input line 148.
Package ukrainian.ldf Info: Executing the post 3.9 branch for dates on input li
ne 226.

(d:/Programs/LaTeX/TeXLive/2022/texmf-dist/tex/generic/hyph-utf8/loadhyph/loadh
yph-uk.tex UTF-8 Ukrainian hyphenation patterns
(d:/Programs/LaTeX/TeXLive/2022/texmf-dist/tex/generic/hyph-utf8/patterns/tex/h
yph-uk.tex)
(d:/Programs/LaTeX/TeXLive/2022/texmf-dist/tex/generic/hyph-utf8/patterns/quote
/hyph-quote-uk.tex))))
(d:/Programs/LaTeX/TeXLive/2022/texmf-dist/tex/generic/babel/locale/uk/babel-uk
rainian.tex
Package babel Info: Importing font and identification data for ukrainian
(babel)             from babel-uk.ini. Reported on input line 11.
)
(d:/Programs/LaTeX/TeXLive/2022/texmf-dist/tex/generic/babel/locale/ru/babel-ru
ssian.tex
Package babel Info: Importing font and identification data for russian
(babel)             from babel-ru.ini. Reported on input line 11.
)
(d:/Programs/LaTeX/TeXLive/2022/texmf-dist/tex/generic/babel/locale/en/babel-en
glish.tex
Package babel Info: Importing font and identification data for english
(babel)             from babel-en.ini. Reported on input line 11.
) (d:/Programs/LaTeX/TeXLive/2022/texmf-dist/tex/latex/cmap/cmap.sty
Package: cmap 2021/02/06 v1.0j CMap support: searchable PDF


Package cmap Warning: fontenc already loaded - some fonts may be unprocessed.

) (d:/Programs/LaTeX/TeXLive/2022/texmf-dist/tex/latex/geometry/geometry.sty
Package: geometry 2020/01/02 v5.9 Page Geometry

(d:/Programs/LaTeX/TeXLive/2022/texmf-dist/tex/latex/graphics/keyval.sty
Package: keyval 2022/05/29 v1.15 key=value parser (DPC)
\KV@toks@=\toks21
)
(d:/Programs/LaTeX/TeXLive/2022/texmf-dist/tex/generic/iftex/ifvtex.sty
Package: ifvtex 2019/10/25 v1.7 ifvtex legacy package. Use iftex instead.
)
\Gm@cnth=\count286
\Gm@cntv=\count287
\c@Gm@tempcnt=\count288
\Gm@bindingoffset=\dimen154
\Gm@wd@mp=\dimen155
\Gm@odd@mp=\dimen156
\Gm@even@mp=\dimen157
\Gm@layoutwidth=\dimen158
\Gm@layoutheight=\dimen159
\Gm@layouthoffset=\dimen160
\Gm@layoutvoffset=\dimen161
\Gm@dimlist=\toks22
)
(d:/Programs/LaTeX/TeXLive/2022/texmf-dist/tex/latex/graphics/graphicx.sty
Package: graphicx 2021/09/16 v1.2d Enhanced LaTeX Graphics (DPC,SPQR)

(d:/Programs/LaTeX/TeXLive/2022/texmf-dist/tex/latex/graphics/graphics.sty
Package: graphics 2022/03/10 v1.4e Standard LaTeX Graphics (DPC,SPQR)

(d:/Programs/LaTeX/TeXLive/2022/texmf-dist/tex/latex/graphics/trig.sty
Package: trig 2021/08/11 v1.11 sin cos tan (DPC)
)
(d:/Programs/LaTeX/TeXLive/2022/texmf-dist/tex/latex/graphics-cfg/graphics.cfg
File: graphics.cfg 2016/06/04 v1.11 sample graphics configuration
)
Package graphics Info: Driver file: luatex.def on input line 107.
(d:/Programs/LaTeX/TeXLive/2022/texmf-dist/tex/latex/graphics-def/luatex.def
File: luatex.def 2022/09/22 v1.2d Graphics/color driver for luatex
))
\Gin@req@height=\dimen162
\Gin@req@width=\dimen163
) (d:/Programs/LaTeX/TeXLive/2022/texmf-dist/tex/latex/multirow/multirow.sty
Package: multirow 2021/03/15 v2.8 Span multiple rows of a table
\multirow@colwidth=\skip53
\multirow@cntb=\count289
\multirow@dima=\skip54
\bigstrutjot=\dimen164
)
(d:/Programs/LaTeX/TeXLive/2022/texmf-dist/tex/latex/makecell/makecell.sty
Package: makecell 2009/08/03 V0.1e Managing of Tab Column Heads and Cells

(d:/Programs/LaTeX/TeXLive/2022/texmf-dist/tex/latex/tools/array.sty
Package: array 2022/09/04 v2.5g Tabular extension package (FMi)
\col@sep=\dimen165
\ar@mcellbox=\box54
\extrarowheight=\dimen166
\NC@list=\toks23
\extratabsurround=\skip55
\backup@length=\skip56
\ar@cellbox=\box55
)
\rotheadsize=\dimen167
\c@nlinenum=\count290
\TeXr@lab=\toks24
)
(d:/Programs/LaTeX/TeXLive/2022/texmf-dist/tex/generic/xint/xintexpr.sty
(d:/Programs/LaTeX/TeXLive/2022/texmf-dist/tex/generic/xint/xintfrac.sty
(d:/Programs/LaTeX/TeXLive/2022/texmf-dist/tex/generic/xint/xint.sty
(d:/Programs/LaTeX/TeXLive/2022/texmf-dist/tex/generic/xint/xintcore.sty
(d:/Programs/LaTeX/TeXLive/2022/texmf-dist/tex/generic/xint/xintkernel.sty
Package: xintkernel 2022/06/10 v1.4m Paraphernalia for the xint packages (JFB)
\xint_c_ii^xiv=\count291
\xint_c_ii^xxi=\count292
)
Package: xintcore 2022/06/10 v1.4m Expandable arithmetic on big integers (JFB)
\xint_c_x^viii=\count293
\xint_c_x^ix=\count294
\xint_c_x^viii_mone=\count295
\xint_c_xii_e_viii=\count296
\xint_c_xi_e_viii_mone=\count297
)
Package: xint 2022/06/10 v1.4m Expandable operations on big integers (JFB)
\xint_c_nine_x^viii=\count298
)
Package: xintfrac 2022/06/10 v1.4m Expandable operations on fractions (JFB)
)
(d:/Programs/LaTeX/TeXLive/2022/texmf-dist/tex/generic/xint/xinttools.sty
Package: xinttools 2022/06/10 v1.4m Expandable and non-expandable utilities (JF
B)
\XINT_toks=\toks25
)
Package: xintexpr 2022/06/10 v1.4m Expandable expression parser (JFB)

(d:/Programs/LaTeX/TeXLive/2022/texmf-dist/tex/generic/xint/xinttrig.sty
Package: xinttrig 2022/06/10 v1.4m Trigonometrical functions for xintexpr (JFB)

)
(d:/Programs/LaTeX/TeXLive/2022/texmf-dist/tex/generic/xint/xintlog.sty
Package: xintlog 2022/06/10 v1.4m Logarithms and exponentials for xintexpr (JFB
)

(d:/Programs/LaTeX/TeXLive/2022/texmf-dist/tex/generic/poormanlog/poormanlog.st
y
Package: poormanlog 2022/05/25 v0.07 base 10 log and pow with 9 digits (JFB)

(d:/Programs/LaTeX/TeXLive/2022/texmf-dist/tex/generic/poormanlog/poormanlog.te
x)))) (d:/Programs/LaTeX/TeXLive/2022/texmf-dist/tex/latex/xcolor/xcolor.sty
Package: xcolor 2022/06/12 v2.14 LaTeX color extensions (UK)

(d:/Programs/LaTeX/TeXLive/2022/texmf-dist/tex/latex/graphics-cfg/color.cfg
File: color.cfg 2016/01/02 v1.6 sample color configuration
)
Package xcolor Info: Driver file: luatex.def on input line 227.

(d:/Programs/LaTeX/TeXLive/2022/texmf-dist/tex/latex/colortbl/colortbl.sty
Package: colortbl 2022/06/20 v1.0f Color table columns (DPC)
\everycr=\toks26
\minrowclearance=\skip57
\rownum=\count299
)
(d:/Programs/LaTeX/TeXLive/2022/texmf-dist/tex/latex/graphics/mathcolor.ltx)
Package xcolor Info: Model `cmy' substituted by `cmy0' on input line 1353.
Package xcolor Info: Model `hsb' substituted by `rgb' on input line 1357.
Package xcolor Info: Model `RGB' extended on input line 1369.
Package xcolor Info: Model `HTML' substituted by `rgb' on input line 1371.
Package xcolor Info: Model `Hsb' substituted by `hsb' on input line 1372.
Package xcolor Info: Model `tHsb' substituted by `hsb' on input line 1373.
Package xcolor Info: Model `HSB' substituted by `hsb' on input line 1374.
Package xcolor Info: Model `Gray' substituted by `gray' on input line 1375.
Package xcolor Info: Model `wave' substituted by `hsb' on input line 1376.
)
(./datenumber.sty
Package: datenumber 2020/02/01v0.03

(d:/Programs/LaTeX/TeXLive/2022/texmf-dist/tex/latex/datenumber/datenumberUSeng
lish.ldf
File: datenumberUSenglish.ldf 
)
\c@@dayscnt=\count300
\c@@startyear=\count301
\c@datenumber=\count302
\c@dateyear=\count303
\c@datemonth=\count304
\c@dateday=\count305
\c@datedayname=\count306
\c@datedaysinmonth=\count307
\@nom=\count308
\@den=\count309
)
(d:/Programs/LaTeX/TeXLive/2022/texmf-dist/tex/latex/datetime2/datetime2.sty
Package: datetime2 2021/03/21 v1.5.7 (NLCT) date and time formats

(d:/Programs/LaTeX/TeXLive/2022/texmf-dist/tex/latex/tracklang/tracklang.sty
Package: tracklang 2022/12/13 v1.6.1 (NLCT) Track Languages

(d:/Programs/LaTeX/TeXLive/2022/texmf-dist/tex/generic/tracklang/tracklang.tex))
 (d:/Programs/LaTeX/TeXLive/2022/texmf-dist/tex/latex/xkeyval/xkeyval.sty
Package: xkeyval 2022/06/16 v2.9 package option processing (HA)

(d:/Programs/LaTeX/TeXLive/2022/texmf-dist/tex/generic/xkeyval/xkeyval.tex
(d:/Programs/LaTeX/TeXLive/2022/texmf-dist/tex/generic/xkeyval/xkvutils.tex
\XKV@toks=\toks27
\XKV@tempa@toks=\toks28
)
\XKV@depth=\count310
File: xkeyval.tex 2014/12/03 v2.7a key=value parser (HA)
))
(d:/Programs/LaTeX/TeXLive/2022/texmf-dist/tex/latex/datetime2-ukrainian/dateti
me2-ukrainian.ldf
File: datetime2-ukrainian.ldf 2017/06/13 1.2

(d:/Programs/LaTeX/TeXLive/2022/texmf-dist/tex/generic/iftex/ifxetex.sty
Package: ifxetex 2019/10/25 v0.7 ifxetex legacy package. Use iftex instead.
)
(d:/Programs/LaTeX/TeXLive/2022/texmf-dist/tex/latex/datetime2-ukrainian/dateti
me2-ukrainian-utf8.ldf
File: datetime2-ukrainian-utf8.ldf 2017/06/13 1.2
))
(d:/Programs/LaTeX/TeXLive/2022/texmf-dist/tex/latex/datetime2-russian/datetime
2-russian.ldf
File: datetime2-russian.ldf 2018/12/07 v1.1

(d:/Programs/LaTeX/TeXLive/2022/texmf-dist/tex/latex/datetime2-russian/datetime
2-russian-utf8.ldf
File: datetime2-russian-utf8.ldf 2018/12/07 v1.1
))
(d:/Programs/LaTeX/TeXLive/2022/texmf-dist/tex/latex/datetime2-english/datetime
2-english.ldf
File: datetime2-english.ldf 2019/10/21 v1.05 (NLCT)

(d:/Programs/LaTeX/TeXLive/2022/texmf-dist/tex/latex/datetime2-english/datetime
2-english-base.ldf
File: datetime2-english-base.ldf 2019/10/21 v1.05 (NLCT)
)))
(d:/Programs/LaTeX/TeXLive/2022/texmf-dist/tex/latex/tools/hhline.sty
Package: hhline 2020/01/04 v2.04 Table rule package (DPC)
)
(d:/Programs/LaTeX/TeXLive/2022/texmf-dist/tex/latex/hyperref/hyperref.sty
Package: hyperref 2023-02-07 v7.00v Hypertext links for LaTeX

(d:/Programs/LaTeX/TeXLive/2022/texmf-dist/tex/generic/ltxcmds/ltxcmds.sty
Package: ltxcmds 2020-05-10 v1.25 LaTeX kernel commands for general use (HO)
)
(d:/Programs/LaTeX/TeXLive/2022/texmf-dist/tex/generic/pdftexcmds/pdftexcmds.st
y
Package: pdftexcmds 2020-06-27 v0.33 Utility functions of pdfTeX for LuaTeX (HO
)

(d:/Programs/LaTeX/TeXLive/2022/texmf-dist/tex/generic/infwarerr/infwarerr.sty
Package: infwarerr 2019/12/03 v1.5 Providing info/warning/error messages (HO)
)
Package pdftexcmds Info: \pdf@primitive is available.
Package pdftexcmds Info: \pdf@ifprimitive is available.
Package pdftexcmds Info: \pdfdraftmode found.
\pdftexcmds@toks=\toks29
) (d:/Programs/LaTeX/TeXLive/2022/texmf-dist/tex/latex/kvsetkeys/kvsetkeys.sty
Package: kvsetkeys 2022-10-05 v1.19 Key value parser (HO)
)
(d:/Programs/LaTeX/TeXLive/2022/texmf-dist/tex/generic/kvdefinekeys/kvdefinekey
s.sty
Package: kvdefinekeys 2019-12-19 v1.6 Define keys (HO)
)
(d:/Programs/LaTeX/TeXLive/2022/texmf-dist/tex/generic/pdfescape/pdfescape.sty
Package: pdfescape 2019/12/09 v1.15 Implements pdfTeX's escape features (HO)
) (d:/Programs/LaTeX/TeXLive/2022/texmf-dist/tex/latex/hycolor/hycolor.sty
Package: hycolor 2020-01-27 v1.10 Color options for hyperref/bookmark (HO)
)
(d:/Programs/LaTeX/TeXLive/2022/texmf-dist/tex/latex/letltxmacro/letltxmacro.st
y
Package: letltxmacro 2019/12/03 v1.6 Let assignment for LaTeX macros (HO)
) (d:/Programs/LaTeX/TeXLive/2022/texmf-dist/tex/latex/auxhook/auxhook.sty
Package: auxhook 2019-12-17 v1.6 Hooks for auxiliary files (HO)
)
(d:/Programs/LaTeX/TeXLive/2022/texmf-dist/tex/latex/hyperref/nameref.sty
Package: nameref 2022-05-17 v2.50 Cross-referencing by name of section

(d:/Programs/LaTeX/TeXLive/2022/texmf-dist/tex/latex/refcount/refcount.sty
Package: refcount 2019/12/15 v3.6 Data extraction from label references (HO)
)
(d:/Programs/LaTeX/TeXLive/2022/texmf-dist/tex/generic/gettitlestring/gettitles
tring.sty
Package: gettitlestring 2019/12/15 v1.6 Cleanup title references (HO)

(d:/Programs/LaTeX/TeXLive/2022/texmf-dist/tex/latex/kvoptions/kvoptions.sty
Package: kvoptions 2022-06-15 v3.15 Key value format for package options (HO)
))
\c@section@level=\count311
)
\@linkdim=\dimen168
\Hy@linkcounter=\count312
\Hy@pagecounter=\count313
(d:/Programs/LaTeX/TeXLive/2022/texmf-dist/tex/latex/hyperref/pd1enc.def
File: pd1enc.def 2023-02-07 v7.00v Hyperref: PDFDocEncoding definition (HO)
)
(d:/Programs/LaTeX/TeXLive/2022/texmf-dist/tex/generic/intcalc/intcalc.sty
Package: intcalc 2019/12/15 v1.3 Expandable calculations with integers (HO)
)
(d:/Programs/LaTeX/TeXLive/2022/texmf-dist/tex/generic/etexcmds/etexcmds.sty
Package: etexcmds 2019/12/15 v1.7 Avoid name clashes with e-TeX commands (HO)
)
\Hy@SavedSpaceFactor=\count314

(d:/Programs/LaTeX/TeXLive/2022/texmf-dist/tex/latex/hyperref/puenc.def
File: puenc.def 2023-02-07 v7.00v Hyperref: PDF Unicode definition (HO)
)
Package hyperref Info: Option `unicode' set `true' on input line 3164.
Package hyperref Info: Option `bookmarks' set `false' on input line 4060.
Package hyperref Info: Option `unicode' set `true' on input line 4060.
Package hyperref Info: Option `hypertexnames' set `false' on input line 4060.
Package hyperref Info: Option `pdftoolbar' set `false' on input line 4060.
Package hyperref Info: Option `pdfdisplaydoctitle' set `true' on input line 406
0.
Package hyperref Info: Option `unicode' set `true' on input line 4060.

(d:/Programs/LaTeX/TeXLive/2022/texmf-dist/tex/generic/stringenc/stringenc.sty
Package: stringenc 2019/11/29 v1.12 Convert strings between diff. encodings (HO
)
)
Package hyperref Info: Hyper figures OFF on input line 4177.
Package hyperref Info: Link nesting OFF on input line 4182.
Package hyperref Info: Hyper index ON on input line 4185.
Package hyperref Info: Plain pages OFF on input line 4192.
Package hyperref Info: Backreferencing OFF on input line 4197.
Package hyperref Info: Implicit mode ON; LaTeX internals redefined.
Package hyperref Info: Bookmarks OFF on input line 4431.
\c@Hy@tempcnt=\count315
(d:/Programs/LaTeX/TeXLive/2022/texmf-dist/tex/latex/url/url.sty
\Urlmuskip=\muskip18
Package: url 2013/09/16  ver 3.4  Verb mode for urls, etc.
)
LaTeX Info: Redefining \url on input line 4763.
\XeTeXLinkMargin=\dimen169

(d:/Programs/LaTeX/TeXLive/2022/texmf-dist/tex/generic/bitset/bitset.sty
Package: bitset 2019/12/09 v1.3 Handle bit-vector datatype (HO)

(d:/Programs/LaTeX/TeXLive/2022/texmf-dist/tex/generic/bigintcalc/bigintcalc.st
y
Package: bigintcalc 2019/12/15 v1.5 Expandable calculations on big integers (HO
)
))
\Fld@menulength=\count316
\Field@Width=\dimen170
\Fld@charsize=\dimen171
Package hyperref Info: Hyper figures OFF on input line 6042.
Package hyperref Info: Link nesting OFF on input line 6047.
Package hyperref Info: Hyper index ON on input line 6050.
Package hyperref Info: backreferencing OFF on input line 6057.
Package hyperref Info: Link coloring OFF on input line 6062.
Package hyperref Info: Link coloring with OCG OFF on input line 6067.
Package hyperref Info: PDF/A mode OFF on input line 6072.
 (d:/Programs/LaTeX/TeXLive/2022/texmf-dist/tex/latex/base/atbegshi-ltx.sty
Package: atbegshi-ltx 2021/01/10 v1.0c Emulation of the original atbegshi
package with kernel methods
)
\Hy@abspage=\count317
\c@Item=\count318
\c@Hfootnote=\count319
)
Package hyperref Info: Driver (autodetected): hluatex.
 (d:/Programs/LaTeX/TeXLive/2022/texmf-dist/tex/latex/hyperref/hluatex.def
File: hluatex.def 2023-02-07 v7.00v Hyperref driver for luaTeX

(d:/Programs/LaTeX/TeXLive/2022/texmf-dist/tex/latex/base/atveryend-ltx.sty
Package: atveryend-ltx 2020/08/19 v1.0a Emulation of the original atveryend pac
kage
with kernel methods
)
\Fld@listcount=\count320
\c@bookmark@seq@number=\count321

(d:/Programs/LaTeX/TeXLive/2022/texmf-dist/tex/latex/rerunfilecheck/rerunfilech
eck.sty
Package: rerunfilecheck 2022-07-10 v1.10 Rerun checks for auxiliary files (HO)

(d:/Programs/LaTeX/TeXLive/2022/texmf-dist/tex/generic/uniquecounter/uniquecoun
ter.sty
Package: uniquecounter 2019/12/15 v1.4 Provide unlimited unique counter (HO)
)
Package uniquecounter Info: New unique counter `rerunfilecheck' on input line 2
85.
)
\Hy@SectionHShift=\skip58
)
\c@Paranum=\count322
\c@dow=\count323
\c@monthcounter=\count324
\c@daycounter=\count325
\c@daynamecounter=\count326
\c@cell=\count327
\c@i=\count328
\filledcells=\count329
\cells=\count330
\startday=\count331
\c@startyear=\count332
\c@startmonth=\count333
\c@startday=\count334
\c@startdayname=\count335
 (./Shedule2023.aux)
\openout1 = Shedule2023.aux

LaTeX Font Info:    Checking defaults for OML/cmm/m/it on input line 411.
LaTeX Font Info:    ... okay on input line 411.
LaTeX Font Info:    Checking defaults for OMS/cmsy/m/n on input line 411.
LaTeX Font Info:    ... okay on input line 411.
LaTeX Font Info:    Checking defaults for OT1/cmr/m/n on input line 411.
LaTeX Font Info:    ... okay on input line 411.
LaTeX Font Info:    Checking defaults for T1/cmr/m/n on input line 411.
LaTeX Font Info:    ... okay on input line 411.
LaTeX Font Info:    Checking defaults for TS1/cmr/m/n on input line 411.
LaTeX Font Info:    ... okay on input line 411.
LaTeX Font Info:    Checking defaults for TU/lmr/m/n on input line 411.
LaTeX Font Info:    ... okay on input line 411.
LaTeX Font Info:    Checking defaults for OMX/cmex/m/n on input line 411.
LaTeX Font Info:    ... okay on input line 411.
LaTeX Font Info:    Checking defaults for U/cmr/m/n on input line 411.
LaTeX Font Info:    ... okay on input line 411.
LaTeX Font Info:    Checking defaults for PD1/pdf/m/n on input line 411.
LaTeX Font Info:    ... okay on input line 411.
LaTeX Font Info:    Checking defaults for PU/pdf/m/n on input line 411.
LaTeX Font Info:    ... okay on input line 411.
LaTeX Font Info:    Overwriting math alphabet `\mathrm' in version `normal'
(Font)                  OT1/cmr/m/n --> TU/CMUSerif(0)/m/n on input line 411.
LaTeX Font Info:    Overwriting math alphabet `\mathit' in version `normal'
(Font)                  OT1/cmr/m/it --> TU/CMUSerif(0)/m/it on input line 411.

LaTeX Font Info:    Overwriting math alphabet `\mathbf' in version `normal'
(Font)                  OT1/cmr/bx/n --> TU/CMUSerif(0)/b/n on input line 411.
LaTeX Font Info:    Overwriting math alphabet `\mathsf' in version `normal'
(Font)                  OT1/cmss/m/n --> TU/CMUSansSerif(0)/m/n on input line 4
11.
LaTeX Font Info:    Overwriting math alphabet `\mathsf' in version `bold'
(Font)                  OT1/cmss/bx/n --> TU/CMUSansSerif(0)/b/n on input line 
411.
LaTeX Font Info:    Overwriting math alphabet `\mathtt' in version `normal'
(Font)                  OT1/cmtt/m/n --> TU/CMUTypewriterText(0)/m/n on input l
ine 411.
LaTeX Font Info:    Overwriting math alphabet `\mathtt' in version `bold'
(Font)                  OT1/cmtt/m/n --> TU/CMUTypewriterText(0)/b/n on input l
ine 411.

Package fontspec Info: Font family 'latinmodern-math.otf(0)' created for font
(fontspec)             'latinmodern-math.otf' with options
(fontspec)             [Ligatures={TeX},Renderer=Basic,BoldItalicFont={},Italic
Font={},SmallCapsFont={},Script=Math,FontAdjustment={\__um_luatex_copy_fontdime
ns:
(fontspec)             },BoldFont={latinmodern-math.otf}].
(fontspec)              
(fontspec)              This font family consists of the following NFSS
(fontspec)             series/shapes:
(fontspec)              
(fontspec)             - 'normal' (m/n) with NFSS spec.:
(fontspec)             <->"[latinmodern-math.otf]:mode=base;script=math;languag
e=dflt;+tlig;"
(fontspec)             - 'small caps'  (m/sc) with NFSS spec.: 
(fontspec)             and font adjustment code:
(fontspec)             \__um_luatex_copy_fontdimens: 
(fontspec)             - 'bold' (b/n) with NFSS spec.:
(fontspec)             <->"[latinmodern-math.otf]:mode=base;script=math;languag
e=dflt;+tlig;"
(fontspec)             - 'bold small caps'  (b/sc) with NFSS spec.: 
(fontspec)             and font adjustment code:
(fontspec)             \__um_luatex_copy_fontdimens: 


Package fontspec Info: Font family 'latinmodern-math.otf(1)' created for font
(fontspec)             'latinmodern-math.otf' with options
(fontspec)             [Ligatures={TeX},Renderer=Basic,BoldItalicFont={},Italic
Font={},SmallCapsFont={},Script=Math,SizeFeatures={{Size=12.24-},{Size=8.64-12.
24,Font=latinmodern-math.otf,Style=MathScript},{Size=-8.64,Font=latinmodern-mat
h.otf,Style=MathScriptScript}},FontAdjustment={\__um_luatex_copy_fontdimens:
(fontspec)             },BoldFont={latinmodern-math.otf}].
(fontspec)              
(fontspec)              This font family consists of the following NFSS
(fontspec)             series/shapes:
(fontspec)              
(fontspec)             - 'normal' (m/n) with NFSS spec.:
(fontspec)             <12.24->"[latinmodern-math.otf]:mode=base;script=math;la
nguage=dflt;+tlig;"<8.64-12.24>"[latinmodern-math.otf]:mode=base;script=math;la
nguage=dflt;+tlig;+ssty=0;"<-8.64>"[latinmodern-math.otf]:mode=base;script=math
;language=dflt;+tlig;+ssty=1;"
(fontspec)             - 'small caps'  (m/sc) with NFSS spec.: 
(fontspec)             and font adjustment code:
(fontspec)             \__um_luatex_copy_fontdimens: 
(fontspec)             - 'bold' (b/n) with NFSS spec.:
(fontspec)             <->"[latinmodern-math.otf]:mode=base;script=math;languag
e=dflt;+tlig;"
(fontspec)             - 'bold small caps'  (b/sc) with NFSS spec.: 
(fontspec)             and font adjustment code:
(fontspec)             \__um_luatex_copy_fontdimens: 

LaTeX Font Info:    Encoding `OT1' has changed to `TU' for symbol font
(Font)              `operators' in the math version `normal' on input line 411.

LaTeX Font Info:    Overwriting symbol font `operators' in version `normal'
(Font)                  OT1/cmr/m/n --> TU/latinmodern-math.otf(1)/m/n on input
 line 411.
LaTeX Font Info:    Encoding `OT1' has changed to `TU' for symbol font
(Font)              `operators' in the math version `bold' on input line 411.
LaTeX Font Info:    Overwriting symbol font `operators' in version `bold'
(Font)                  OT1/cmr/bx/n --> TU/latinmodern-math.otf(1)/b/n on inpu
t line 411.

Package fontspec Info: latinmodern-math scale = 1.0001.


Package fontspec Info: latinmodern-math scale = 1.0001.


Package fontspec Info: latinmodern-math scale = 1.0001.


Package fontspec Info: latinmodern-math scale = 1.0001.


Package fontspec Info: latinmodern-math scale = 1.0001.


Package fontspec Info: Font family 'latinmodern-math.otf(2)' created for font
(fontspec)             'latinmodern-math.otf' with options
(fontspec)             [Ligatures={TeX},Renderer=Basic,BoldItalicFont={},Italic
Font={},SmallCapsFont={},Script=Math,SizeFeatures={{Size=12.24-},{Size=8.64-12.
24,Font=latinmodern-math.otf,Style=MathScript},{Size=-8.64,Font=latinmodern-mat
h.otf,Style=MathScriptScript}},FontAdjustment={\__um_luatex_copy_fontdimens:
(fontspec)             },BoldFont={latinmodern-math.otf},ScaleAgain=1.0001,Font
Adjustment={\fontdimen
(fontspec)             8\font =9.7488pt\relax \fontdimen 9\font
(fontspec)             =5.67358pt\relax \fontdimen 10\font =6.39359pt\relax
(fontspec)             \fontdimen 11\font =9.87839pt\relax \fontdimen 12\font
(fontspec)             =4.96799pt\relax \fontdimen 13\font =5.22719pt\relax
(fontspec)             \fontdimen 14\font =5.22719pt\relax \fontdimen 15\font
(fontspec)             =4.16159pt\relax \fontdimen 16\font =3.5568pt\relax
(fontspec)             \fontdimen 17\font =3.5568pt\relax \fontdimen 18\font
(fontspec)             =3.59999pt\relax \fontdimen 19\font =2.87999pt\relax
(fontspec)             \fontdimen 22\font =3.59999pt\relax \fontdimen 20\font
(fontspec)             =0pt\relax \fontdimen 21\font =0pt\relax }].
(fontspec)              
(fontspec)              This font family consists of the following NFSS
(fontspec)             series/shapes:
(fontspec)              
(fontspec)             - 'normal' (m/n) with NFSS spec.:
(fontspec)             <12.24->s*[1.0001]"[latinmodern-math.otf]:mode=base;scri
pt=math;language=dflt;+tlig;"<8.64-12.24>s*[1.0001]"[latinmodern-math.otf]:mode
=base;script=math;language=dflt;+tlig;+ssty=0;"<-8.64>s*[1.0001]"[latinmodern-m
ath.otf]:mode=base;script=math;language=dflt;+tlig;+ssty=1;"
(fontspec)             - 'small caps'  (m/sc) with NFSS spec.: 
(fontspec)             and font adjustment code:
(fontspec)             \__um_luatex_copy_fontdimens: \fontdimen 8\font
(fontspec)             =9.7488pt\relax \fontdimen 9\font =5.67358pt\relax
(fontspec)             \fontdimen 10\font =6.39359pt\relax \fontdimen 11\font
(fontspec)             =9.87839pt\relax \fontdimen 12\font =4.96799pt\relax
(fontspec)             \fontdimen 13\font =5.22719pt\relax \fontdimen 14\font
(fontspec)             =5.22719pt\relax \fontdimen 15\font =4.16159pt\relax
(fontspec)             \fontdimen 16\font =3.5568pt\relax \fontdimen 17\font
(fontspec)             =3.5568pt\relax \fontdimen 18\font =3.59999pt\relax
(fontspec)             \fontdimen 19\font =2.87999pt\relax \fontdimen 22\font
(fontspec)             =3.59999pt\relax \fontdimen 20\font =0pt\relax
(fontspec)             \fontdimen 21\font =0pt\relax 
(fontspec)             - 'bold' (b/n) with NFSS spec.:
(fontspec)             <->s*[1.0001]"[latinmodern-math.otf]:mode=base;script=ma
th;language=dflt;+tlig;"
(fontspec)             - 'bold small caps'  (b/sc) with NFSS spec.: 
(fontspec)             and font adjustment code:
(fontspec)             \__um_luatex_copy_fontdimens: \fontdimen 8\font
(fontspec)             =9.7488pt\relax \fontdimen 9\font =5.67358pt\relax
(fontspec)             \fontdimen 10\font =6.39359pt\relax \fontdimen 11\font
(fontspec)             =9.87839pt\relax \fontdimen 12\font =4.96799pt\relax
(fontspec)             \fontdimen 13\font =5.22719pt\relax \fontdimen 14\font
(fontspec)             =5.22719pt\relax \fontdimen 15\font =4.16159pt\relax
(fontspec)             \fontdimen 16\font =3.5568pt\relax \fontdimen 17\font
(fontspec)             =3.5568pt\relax \fontdimen 18\font =3.59999pt\relax
(fontspec)             \fontdimen 19\font =2.87999pt\relax \fontdimen 22\font
(fontspec)             =3.59999pt\relax \fontdimen 20\font =0pt\relax
(fontspec)             \fontdimen 21\font =0pt\relax 

LaTeX Font Info:    Encoding `OMS' has changed to `TU' for symbol font
(Font)              `symbols' in the math version `normal' on input line 411.
LaTeX Font Info:    Overwriting symbol font `symbols' in version `normal'
(Font)                  OMS/cmsy/m/n --> TU/latinmodern-math.otf(2)/m/n on inpu
t line 411.
LaTeX Font Info:    Encoding `OMS' has changed to `TU' for symbol font
(Font)              `symbols' in the math version `bold' on input line 411.
LaTeX Font Info:    Overwriting symbol font `symbols' in version `bold'
(Font)                  OMS/cmsy/b/n --> TU/latinmodern-math.otf(2)/b/n on inpu
t line 411.

Package fontspec Info: latinmodern-math scale = 0.9999.


Package fontspec Info: latinmodern-math scale = 0.9999.


Package fontspec Info: latinmodern-math scale = 0.9999.


Package fontspec Info: latinmodern-math scale = 0.9999.


Package fontspec Info: latinmodern-math scale = 0.9999.


Package fontspec Info: Font family 'latinmodern-math.otf(3)' created for font
(fontspec)             'latinmodern-math.otf' with options
(fontspec)             [Ligatures={TeX},Renderer=Basic,BoldItalicFont={},Italic
Font={},SmallCapsFont={},Script=Math,SizeFeatures={{Size=12.24-},{Size=8.64-12.
24,Font=latinmodern-math.otf,Style=MathScript},{Size=-8.64,Font=latinmodern-mat
h.otf,Style=MathScriptScript}},FontAdjustment={\__um_luatex_copy_fontdimens:
(fontspec)             },BoldFont={latinmodern-math.otf},ScaleAgain=0.9999,Font
Adjustment={\fontdimen
(fontspec)             8\font =0.57599pt\relax \fontdimen 9\font
(fontspec)             =2.87999pt\relax \fontdimen 10\font =2.40479pt\relax
(fontspec)             \fontdimen 11\font =1.59839pt\relax \fontdimen 12\font
(fontspec)             =8.63998pt\relax \fontdimen 13\font =0pt\relax }].
(fontspec)              
(fontspec)              This font family consists of the following NFSS
(fontspec)             series/shapes:
(fontspec)              
(fontspec)             - 'normal' (m/n) with NFSS spec.:
(fontspec)             <12.24->s*[0.9999]"[latinmodern-math.otf]:mode=base;scri
pt=math;language=dflt;+tlig;"<8.64-12.24>s*[0.9999]"[latinmodern-math.otf]:mode
=base;script=math;language=dflt;+tlig;+ssty=0;"<-8.64>s*[0.9999]"[latinmodern-m
ath.otf]:mode=base;script=math;language=dflt;+tlig;+ssty=1;"
(fontspec)             - 'small caps'  (m/sc) with NFSS spec.: 
(fontspec)             and font adjustment code:
(fontspec)             \__um_luatex_copy_fontdimens: \fontdimen 8\font
(fontspec)             =0.57599pt\relax \fontdimen 9\font =2.87999pt\relax
(fontspec)             \fontdimen 10\font =2.40479pt\relax \fontdimen 11\font
(fontspec)             =1.59839pt\relax \fontdimen 12\font =8.63998pt\relax
(fontspec)             \fontdimen 13\font =0pt\relax 
(fontspec)             - 'bold' (b/n) with NFSS spec.:
(fontspec)             <->s*[0.9999]"[latinmodern-math.otf]:mode=base;script=ma
th;language=dflt;+tlig;"
(fontspec)             - 'bold small caps'  (b/sc) with NFSS spec.: 
(fontspec)             and font adjustment code:
(fontspec)             \__um_luatex_copy_fontdimens: \fontdimen 8\font
(fontspec)             =0.57599pt\relax \fontdimen 9\font =2.87999pt\relax
(fontspec)             \fontdimen 10\font =2.40479pt\relax \fontdimen 11\font
(fontspec)             =1.59839pt\relax \fontdimen 12\font =8.63998pt\relax
(fontspec)             \fontdimen 13\font =0pt\relax 

LaTeX Font Info:    Encoding `OMX' has changed to `TU' for symbol font
(Font)              `largesymbols' in the math version `normal' on input line 4
11.
LaTeX Font Info:    Overwriting symbol font `largesymbols' in version `normal'
(Font)                  OMX/cmex/m/n --> TU/latinmodern-math.otf(3)/m/n on inpu
t line 411.
LaTeX Font Info:    Encoding `OMX' has changed to `TU' for symbol font
(Font)              `largesymbols' in the math version `bold' on input line 411
.
LaTeX Font Info:    Overwriting symbol font `largesymbols' in version `bold'
(Font)                  OMX/cmex/m/n --> TU/latinmodern-math.otf(3)/b/n on inpu
t line 411.
<<oml.cmap>>
LaTeX Font Info:    Font shape `TU/latinmodern-math.otf(2)/m/n' will be
(Font)              scaled to size 14.40152pt on input line 411.
LaTeX Font Info:    Font shape `TU/latinmodern-math.otf(2)/m/n' will be
(Font)              scaled to size 10.08107pt on input line 411.
LaTeX Font Info:    Font shape `TU/latinmodern-math.otf(2)/m/n' will be
(Font)              scaled to size 7.20076pt on input line 411.
LaTeX Font Info:    Font shape `TU/latinmodern-math.otf(3)/m/n' will be
(Font)              scaled to size 14.39845pt on input line 411.
LaTeX Font Info:    Font shape `TU/latinmodern-math.otf(3)/m/n' will be
(Font)              scaled to size 10.07892pt on input line 411.
LaTeX Font Info:    Font shape `TU/latinmodern-math.otf(3)/m/n' will be
(Font)              scaled to size 7.19922pt on input line 411.
LaTeX Info: Redefining \th on input line 411.

*geometry* driver: auto-detecting
*geometry* detected driver: luatex
*geometry* verbose mode - [ preamble ] result:
* driver: luatex
* paper: a4paper
* layout: <same size as paper>
* layoutoffset:(h,v)=(0.0pt,0.0pt)
* modes: landscape 
* h-part:(L,W,R)=(8.5359pt, 827.97504pt, 8.5359pt)
* v-part:(T,H,B)=(28.45274pt, 540.60239pt, 28.45274pt)
* \paperwidth=845.04684pt
* \paperheight=597.50787pt
* \textwidth=827.97504pt
* \textheight=540.60239pt
* \oddsidemargin=-63.73409pt
* \evensidemargin=-63.73409pt
* \topmargin=-66.35315pt
* \headheight=14.0pt
* \headsep=8.5359pt
* \topskip=14.0pt
* \footskip=0.0pt
* \marginparwidth=114.0pt
* \marginparsep=10.0pt
* \columnsep=10.0pt
* \skip\footins=12.0pt plus 4.0pt minus 2.0pt
* \hoffset=0.0pt
* \voffset=0.0pt
* \mag=1000
* \@twocolumnfalse
* \@twosidefalse
* \@mparswitchfalse
* \@reversemarginfalse
* (1in=72.27pt=25.4mm, 1cm=28.453pt)

(d:/Programs/LaTeX/TeXLive/2022/texmf-dist/tex/context/base/mkii/supp-pdf.mkii
[Loading MPS to PDF converter (version 2006.09.02).]
\scratchcounter=\count336
\scratchdimen=\dimen172
\scratchbox=\box56
\nofMPsegments=\count337
\nofMParguments=\count338
\everyMPshowfont=\toks30
\MPscratchCnt=\count339
\MPscratchDim=\dimen173
\MPnumerator=\count340
\makeMPintoPDFobject=\count341
\everyMPtoPDFconversion=\toks31
)
(d:/Programs/LaTeX/TeXLive/2022/texmf-dist/tex/latex/epstopdf-pkg/epstopdf-base
.sty
Package: epstopdf-base 2020-01-24 v2.11 Base part for package epstopdf
Package epstopdf-base Info: Redefining graphics rule for `.eps' on input line 4
85.

(d:/Programs/LaTeX/TeXLive/2022/texmf-dist/tex/latex/latexconfig/epstopdf-sys.c
fg
File: epstopdf-sys.cfg 2010/07/13 v1.3 Configuration of (r)epstopdf for TeX Liv
e
))
Package hyperref Info: Link coloring OFF on input line 411.
LaTeX Font Info:    Font shape `TU/latinmodern-math.otf(2)/m/n' will be
(Font)              scaled to size 12.00128pt on input line 458.
LaTeX Font Info:    Font shape `TU/latinmodern-math.otf(2)/m/n' will be
(Font)              scaled to size 8.00085pt on input line 458.
LaTeX Font Info:    Font shape `TU/latinmodern-math.otf(2)/m/n' will be
(Font)              scaled to size 6.00064pt on input line 458.
LaTeX Font Info:    Font shape `TU/latinmodern-math.otf(3)/m/n' will be
(Font)              scaled to size 11.99872pt on input line 458.
LaTeX Font Info:    Font shape `TU/latinmodern-math.otf(3)/m/n' will be
(Font)              scaled to size 7.99915pt on input line 458.
LaTeX Font Info:    Font shape `TU/latinmodern-math.otf(3)/m/n' will be
(Font)              scaled to size 5.99936pt on input line 458.

Overfull \hbox (2.26018pt too wide) in paragraph at lines 458--458
[]|\TU/CMUSerif(0)/m/n/12 | 
 []


Overfull \hbox (4.58147pt too wide) in paragraph at lines 458--458
[][] 
 []


Overfull \hbox (4.97746pt too wide) in paragraph at lines 458--458
[][] 
 []


Overfull \hbox (5.01346pt too wide) in paragraph at lines 458--458
[][] 
 []

LaTeX Font Info:    Font shape `TU/latinmodern-math.otf(2)/m/n' will be
(Font)              scaled to size 10.00107pt on input line 458.
LaTeX Font Info:    Font shape `TU/latinmodern-math.otf(2)/m/n' will be
(Font)              scaled to size 7.00075pt on input line 458.
LaTeX Font Info:    Font shape `TU/latinmodern-math.otf(2)/m/n' will be
(Font)              scaled to size 5.00053pt on input line 458.
LaTeX Font Info:    Font shape `TU/latinmodern-math.otf(3)/m/n' will be
(Font)              scaled to size 9.99893pt on input line 458.
LaTeX Font Info:    Font shape `TU/latinmodern-math.otf(3)/m/n' will be
(Font)              scaled to size 6.99925pt on input line 458.
LaTeX Font Info:    Font shape `TU/latinmodern-math.otf(3)/m/n' will be
(Font)              scaled to size 4.99947pt on input line 458.

Overfull \hbox (2.26018pt too wide) in paragraph at lines 458--458
[]|\TU/CMUSerif(0)/m/n/12 | 
 []


Overfull \hbox (4.88145pt too wide) in paragraph at lines 458--458
[][] 
 []


Overfull \hbox (4.58147pt too wide) in paragraph at lines 458--458
[][] 
 []


Overfull \hbox (5.07346pt too wide) in paragraph at lines 458--458
[][] 
 []

[1

{d:/Programs/LaTeX/TeXLive/2022/texmf-var/fonts/map/pdftex/updmap/pdftex.map}] 
[2

] (./Shedule2023.aux))

Here is how much of LuaTeX's memory you used:
 28051 strings out of 478294
 156268,1977958 words of node,token memory allocated
 579 words of node memory still in use:
   7 hlist, 3 vlist, 4 rule, 6 glue, 4 kern, 1 glyph, 12 attribute, 55 glue_spec
, 8 attribute_list, 1 write nodes
   avail lists: 1:23,2:6320,3:849,4:165,5:542,6:558,7:9022,8:37,9:7497,10:9,11:1
14
 47383 multiletter control sequences out of 65536+600000
 98 fonts using 26526343 bytes
 86i,17n,115p,2761b,435s stack positions out of 10000i,1000n,20000p,200000b,200000s
<d:/Programs/LaTeX/TeXLive/2022/texmf-dist/fonts/opentype/public/cm-unicode/cmun
tt.otf><d:/Programs/LaTeX/TeXLive/2022/texmf-dist/fonts/opentype/public/cm-unico
de/cmunbx.otf><d:/Programs/LaTeX/TeXLive/2022/texmf-dist/fonts/opentype/public/c
m-unicode/cmunrm.otf>
Output written on Shedule2023.pdf (2 pages, 29015 bytes).

PDF statistics: 42 PDF objects out of 1000 (max. 8388607)
 27 compressed objects within 1 object stream
 3 named destinations out of 1000 (max. 131072)
 6 words of extra memory for PDF output out of 10000 (max. 100000000)

